<?xml version="1.0" encoding="UTF-8"?>
<testng-results ignored="0" total="1" passed="1" failed="0" skipped="0">
  <reporter-output>
  </reporter-output>
  <suite started-at="2024-11-27T14:19:04 IST" name="Default suite" finished-at="2024-11-27T14:19:16 IST" duration-ms="12624">
    <groups>
    </groups>
    <test started-at="2024-11-27T14:19:04 IST" name="Default test" finished-at="2024-11-27T14:19:16 IST" duration-ms="12624">
      <class name="com.crm.contacts.TC_VT_003_Test">
        <test-method is-config="true" signature="reportConfiguration()[pri:0, instance:com.crm.contacts.TC_VT_003_Test@1fa121e2]" started-at="2024-11-27T14:19:04 IST" name="reportConfiguration" finished-at="2024-11-27T14:19:04 IST" duration-ms="218" status="PASS">
          <reporter-output>
          </reporter-output>
        </test-method> <!-- reportConfiguration -->
        <test-method is-config="true" signature="launchBrowser(java.lang.String)[pri:0, instance:com.crm.contacts.TC_VT_003_Test@1fa121e2]" started-at="2024-11-27T14:19:04 IST" name="launchBrowser" finished-at="2024-11-27T14:19:06 IST" duration-ms="2584" status="PASS">
          <params>
            <param index="0">
              <value>
                <![CDATA[chrome]]>
              </value>
            </param>
          </params>
          <reporter-output>
          </reporter-output>
        </test-method> <!-- launchBrowser -->
        <test-method is-config="true" signature="login()[pri:0, instance:com.crm.contacts.TC_VT_003_Test@1fa121e2]" started-at="2024-11-27T14:19:06 IST" name="login" finished-at="2024-11-27T14:19:08 IST" duration-ms="1662" status="PASS">
          <reporter-output>
          </reporter-output>
        </test-method> <!-- login -->
        <test-method signature="createContactWithOrg()[pri:0, instance:com.crm.contacts.TC_VT_003_Test@1fa121e2]" started-at="2024-11-27T14:19:08 IST" name="createContactWithOrg" finished-at="2024-11-27T14:19:15 IST" duration-ms="7170" status="PASS">
          <reporter-output>
          </reporter-output>
        </test-method> <!-- createContactWithOrg -->
        <test-method is-config="true" signature="logOut()[pri:0, instance:com.crm.contacts.TC_VT_003_Test@1fa121e2]" started-at="2024-11-27T14:19:15 IST" name="logOut" finished-at="2024-11-27T14:19:16 IST" duration-ms="1014" status="PASS">
          <reporter-output>
          </reporter-output>
        </test-method> <!-- logOut -->
        <test-method is-config="true" signature="closeBrowser()[pri:0, instance:com.crm.contacts.TC_VT_003_Test@1fa121e2]" started-at="2024-11-27T14:19:16 IST" name="closeBrowser" finished-at="2024-11-27T14:19:16 IST" duration-ms="162" status="PASS">
          <reporter-output>
          </reporter-output>
        </test-method> <!-- closeBrowser -->
        <test-method is-config="true" signature="reportBackup()[pri:0, instance:com.crm.contacts.TC_VT_003_Test@1fa121e2]" started-at="2024-11-27T14:19:16 IST" name="reportBackup" finished-at="2024-11-27T14:19:17 IST" duration-ms="234" status="PASS">
          <reporter-output>
          </reporter-output>
        </test-method> <!-- reportBackup -->
      </class> <!-- com.crm.contacts.TC_VT_003_Test -->
    </test> <!-- Default test -->
  </suite> <!-- Default suite -->
</testng-results>
