<?xml version="1.0" encoding="UTF-8"?>
<testng-results ignored="0" total="1" passed="1" failed="0" skipped="0">
  <reporter-output>
  </reporter-output>
  <suite started-at="2024-11-28T11:37:55 IST" name="Default suite" finished-at="2024-11-28T11:38:08 IST" duration-ms="13086">
    <groups>
      <group name="smoke">
        <method signature="TC_VT_001_Test.clickContactModule()[pri:0, instance:com.crm.contacts.TC_VT_001_Test@1fa121e2]" name="clickContactModule" class="com.crm.contacts.TC_VT_001_Test"/>
      </group> <!-- smoke -->
    </groups>
    <test started-at="2024-11-28T11:37:55 IST" name="Default test" finished-at="2024-11-28T11:38:08 IST" duration-ms="13086">
      <class name="com.crm.contacts.TC_VT_001_Test">
        <test-method is-config="true" signature="reportConfiguration()[pri:0, instance:com.crm.contacts.TC_VT_001_Test@1fa121e2]" started-at="2024-11-28T11:37:55 IST" name="reportConfiguration" finished-at="2024-11-28T11:37:55 IST" duration-ms="184" status="PASS">
          <reporter-output>
          </reporter-output>
        </test-method> <!-- reportConfiguration -->
        <test-method is-config="true" signature="launchBrowser(java.lang.String)[pri:0, instance:com.crm.contacts.TC_VT_001_Test@1fa121e2]" started-at="2024-11-28T11:37:55 IST" name="launchBrowser" finished-at="2024-11-28T11:37:58 IST" duration-ms="2378" status="PASS">
          <params>
            <param index="0">
              <value>
                <![CDATA[chrome]]>
              </value>
            </param>
          </params>
          <reporter-output>
          </reporter-output>
        </test-method> <!-- launchBrowser -->
        <test-method is-config="true" signature="login()[pri:0, instance:com.crm.contacts.TC_VT_001_Test@1fa121e2]" started-at="2024-11-28T11:37:58 IST" name="login" finished-at="2024-11-28T11:37:59 IST" duration-ms="1593" status="PASS">
          <reporter-output>
          </reporter-output>
        </test-method> <!-- login -->
        <test-method signature="clickContactModule()[pri:0, instance:com.crm.contacts.TC_VT_001_Test@1fa121e2]" started-at="2024-11-28T11:37:59 IST" name="clickContactModule" finished-at="2024-11-28T11:38:07 IST" duration-ms="8071" status="PASS">
          <reporter-output>
          </reporter-output>
        </test-method> <!-- clickContactModule -->
        <test-method is-config="true" signature="logOut()[pri:0, instance:com.crm.contacts.TC_VT_001_Test@1fa121e2]" started-at="2024-11-28T11:38:07 IST" name="logOut" finished-at="2024-11-28T11:38:08 IST" duration-ms="857" status="PASS">
          <reporter-output>
          </reporter-output>
        </test-method> <!-- logOut -->
        <test-method is-config="true" signature="closeBrowser()[pri:0, instance:com.crm.contacts.TC_VT_001_Test@1fa121e2]" started-at="2024-11-28T11:38:08 IST" name="closeBrowser" finished-at="2024-11-28T11:38:08 IST" duration-ms="162" status="PASS">
          <reporter-output>
          </reporter-output>
        </test-method> <!-- closeBrowser -->
        <test-method is-config="true" signature="reportBackup()[pri:0, instance:com.crm.contacts.TC_VT_001_Test@1fa121e2]" started-at="2024-11-28T11:38:08 IST" name="reportBackup" finished-at="2024-11-28T11:38:09 IST" duration-ms="218" status="PASS">
          <reporter-output>
          </reporter-output>
        </test-method> <!-- reportBackup -->
      </class> <!-- com.crm.contacts.TC_VT_001_Test -->
    </test> <!-- Default test -->
  </suite> <!-- Default suite -->
</testng-results>
